<?xml version="1.0" encoding="UTF-8"?>
<!-- Generated by org.testng.reporters.JUnitReportReporter -->
<testsuite hostname="TY-Suchitra" failures="0" tests="1" name="script.InvalidLogin" time="21.595" errors="0" timestamp="2022-10-06T17:48:00 IST" skipped="0">
  <testcase classname="script.InvalidLogin" name="testInvalidLogin" time="21.595"/>
  <system-out/>
</testsuite> <!-- script.InvalidLogin -->
