<?xml version="1.0" encoding="UTF-8"?>
<!-- Generated by org.testng.reporters.JUnitReportReporter -->
<testsuite hostname="TY-Suchitra" failures="0" tests="1" name="script.ValidLogin" time="24.541" errors="0" timestamp="2022-10-06T16:47:53 IST" skipped="0">
  <testcase classname="script.ValidLogin" name="testValidLogin" time="24.541"/>
  <system-out/>
</testsuite> <!-- script.ValidLogin -->
