<?xml version="1.0" encoding="UTF-8"?>
<!-- Generated by org.testng.reporters.JUnitReportReporter -->
<testsuite hostname="TY-Suchitra" failures="0" tests="1" name="script.ValidLogin" time="18.851" errors="0" timestamp="2022-10-06T15:37:46 IST" skipped="0">
  <testcase classname="script.ValidLogin" name="testValidLogin" time="18.851"/>
  <system-out/>
</testsuite> <!-- script.ValidLogin -->
